[2024-03-30 10:27:29] [ INFO ] [OdontologoService:27] Persistiendo un Odontólogo
[2024-03-30 10:27:29] [ INFO ] [OdontologoService:35] Guardado exitosamente
[2024-03-30 10:27:41] [ INFO ] [PacienteService:28] Persistiendo un Paciente
[2024-03-30 10:27:41] [ INFO ] [PacienteService:36] Guardado exitosamente
[2024-03-30 10:27:56] [ INFO ] [TurnoController:46] esto trae el turnoRequestDTO: com.dh.ClinicMVC.dto.request.TurnoRequestDTO@7616f8c9
[2024-03-30 10:27:56] [ INFO ] [OdontologoService:52] Buscando el Odontólogo con id: 1
[2024-03-30 10:27:56] [ INFO ] [PacienteService:53] Buscando el paciente con id: 1
[2024-03-30 10:27:56] [ INFO ] [TurnoService:43] Persitiendo un Turno
[2024-03-30 10:27:56] [ INFO ] [TurnoService:168] Buscando los turnos con Odontologo id: 1
[2024-03-30 10:27:56] [ INFO ] [TurnoService:89] Turno Persistido
[2024-03-30 10:28:06] [ INFO ] [TurnoService:208] Buscando lista de turnos
[2024-03-30 10:28:17] [ INFO ] [TurnoService:105] Buscando lista de turnos
[2024-03-30 10:29:33] [ INFO ] [OdontologoService:27] Persistiendo un Odontólogo
[2024-03-30 10:29:33] [ INFO ] [OdontologoService:35] Guardado exitosamente
[2024-03-30 10:29:36] [ INFO ] [PacienteService:28] Persistiendo un Paciente
[2024-03-30 10:29:36] [ INFO ] [PacienteService:36] Guardado exitosamente
[2024-03-30 10:29:39] [ INFO ] [TurnoController:46] esto trae el turnoRequestDTO: com.dh.ClinicMVC.dto.request.TurnoRequestDTO@386c4c8a
[2024-03-30 10:29:39] [ INFO ] [OdontologoService:52] Buscando el Odontólogo con id: 1
[2024-03-30 10:29:39] [ INFO ] [PacienteService:53] Buscando el paciente con id: 1
[2024-03-30 10:29:48] [ INFO ] [TurnoService:43] Persitiendo un Turno
[2024-03-30 10:29:48] [ INFO ] [TurnoService:168] Buscando los turnos con Odontologo id: 1
[2024-03-30 10:29:48] [ INFO ] [TurnoService:89] Turno Persistido
[2024-03-30 10:30:02] [ INFO ] [TurnoService:105] Buscando lista de turnos
[2024-03-30 10:30:08] [ INFO ] [TurnoService:208] Buscando lista de turnos
[2024-03-30 10:31:44] [ INFO ] [TurnoService:208] Buscando lista de turnos
[2024-03-30 10:32:17] [ INFO ] [TurnoService:208] Buscando lista de turnos
[2024-03-30 10:34:36] [ INFO ] [TurnoService:208] Buscando lista de turnos
[2024-03-30 10:34:46] [ INFO ] [TurnoService:208] Buscando lista de turnos
[2024-03-30 10:38:10] [ INFO ] [TurnoService:208] Buscando lista de turnos
[2024-03-30 10:38:24] [ INFO ] [PacienteService:28] Persistiendo un Paciente
[2024-03-30 10:38:24] [ INFO ] [PacienteService:36] Guardado exitosamente
[2024-03-30 10:38:26] [ INFO ] [OdontologoService:27] Persistiendo un Odontólogo
[2024-03-30 10:38:26] [ INFO ] [OdontologoService:35] Guardado exitosamente
[2024-03-30 10:38:28] [ INFO ] [TurnoController:46] esto trae el turnoRequestDTO: com.dh.ClinicMVC.dto.request.TurnoRequestDTO@c020ac0
[2024-03-30 10:38:28] [ INFO ] [OdontologoService:52] Buscando el Odontólogo con id: 1
[2024-03-30 10:38:28] [ INFO ] [PacienteService:53] Buscando el paciente con id: 1
[2024-03-30 10:38:28] [ INFO ] [TurnoService:43] Persitiendo un Turno
[2024-03-30 10:38:28] [ INFO ] [TurnoService:168] Buscando los turnos con Odontologo id: 1
[2024-03-30 10:38:28] [ INFO ] [TurnoService:89] Turno Persistido
[2024-03-30 10:38:34] [ INFO ] [TurnoService:208] Buscando lista de turnos
