[2024-03-05 20:56:07] [ INFO ] [BD:54] se creo la tabla odontologos
[2024-03-05 20:56:07] [ INFO ] [BD:56] se insertó un valor en la tabla odontologos
[2024-03-05 20:59:23] [ INFO ] [BD:54] se creo la tabla odontologos
[2024-03-05 20:59:23] [ INFO ] [BD:56] se insertó un valor en la tabla odontologos
[2024-03-05 21:01:53] [ INFO ] [BD:54] se creo la tabla odontologos
[2024-03-05 21:01:53] [ INFO ] [BD:56] se insertó un valor en la tabla odontologos
[2024-03-05 21:52:07] [ INFO ] [BD:54] se creo la tabla odontologos
[2024-03-05 21:52:07] [ INFO ] [BD:56] se insertó un valor en la tabla odontologos
[2024-03-05 21:53:42] [ INFO ] [BD:54] se creo la tabla odontologos
[2024-03-05 21:53:42] [ INFO ] [BD:56] se insertó un valor en la tabla odontologos
[2024-03-05 21:55:48] [ INFO ] [BD:54] se creo la tabla odontologos
[2024-03-05 21:55:48] [ INFO ] [BD:56] se insertó un valor en la tabla odontologos
[2024-03-07 16:05:08] [ INFO ] [BD:56] se creo la tabla odontologos
[2024-03-07 16:05:08] [ INFO ] [BD:59] se insertó un valor en la tabla  odontologos
[2024-03-07 16:08:17] [ INFO ] [BD:58] se creo la tabla odontologos
[2024-03-07 16:08:44] [ INFO ] [BD:58] se creo la tabla odontologos
[2024-03-07 16:09:11] [ INFO ] [BD:58] se creo la tabla odontologos
[2024-03-07 16:10:35] [ INFO ] [BD:58] se creo la tabla odontologos
[2024-03-07 16:10:35] [ INFO ] [BD:62] se insertó un valor en la tabla  odontologos
[2024-03-07 16:13:02] [ INFO ] [BD:58] se creo la tabla odontologos
[2024-03-07 16:13:02] [ INFO ] [BD:62] se insertó un valor en la tabla  odontologos
[2024-03-07 16:13:17] [ INFO ] [BD:58] se creo la tabla odontologos
[2024-03-07 16:13:17] [ INFO ] [BD:62] se insertó un valor en la tabla  odontologos
[2024-03-07 16:14:02] [ INFO ] [BD:58] se creo la tabla odontologos
[2024-03-07 16:14:02] [ INFO ] [BD:62] se insertó un valor en la tabla  odontologos
[2024-03-08 20:31:38] [ INFO ] [BD:58] se creo la tabla odontologos
[2024-03-08 20:31:38] [ INFO ] [BD:62] se insertó un valor en la tabla  odontologos
[2024-03-08 20:35:43] [ INFO ] [BD:58] se creo la tabla odontologos
[2024-03-08 20:35:43] [ INFO ] [BD:62] se insertó un valor en la tabla  odontologos
[2024-03-08 20:38:29] [ INFO ] [BD:58] se creo la tabla odontologos
[2024-03-08 20:38:29] [ INFO ] [BD:62] se insertó un valor en la tabla  odontologos
[2024-03-08 20:53:16] [ INFO ] [DomicilioDaoH2:26] Estamos guardando un PACIENTE
[2024-03-08 20:53:16] [ INFO ] [DomicilioDaoH2:22] Estamos guardando un domicilio
[2024-03-08 20:53:16] [ INFO ] [DomicilioDaoH2:50] Este es el id del domicilio: 2
[2024-03-08 20:53:16] [ INFO ] [DomicilioDaoH2:59] Este es el id del paciente: 2
[2024-03-08 20:53:28] [ INFO ] [DomicilioDaoH2:26] Estamos guardando un PACIENTE
[2024-03-08 20:53:28] [ INFO ] [DomicilioDaoH2:22] Estamos guardando un domicilio
[2024-03-08 20:53:28] [ INFO ] [DomicilioDaoH2:50] Este es el id del domicilio: 3
[2024-03-08 20:53:28] [ INFO ] [DomicilioDaoH2:59] Este es el id del paciente: 3
[2024-03-08 20:53:30] [ INFO ] [DomicilioDaoH2:26] Estamos guardando un PACIENTE
[2024-03-08 20:53:30] [ INFO ] [DomicilioDaoH2:22] Estamos guardando un domicilio
[2024-03-08 20:53:30] [ INFO ] [DomicilioDaoH2:50] Este es el id del domicilio: 4
[2024-03-08 20:53:31] [ INFO ] [DomicilioDaoH2:59] Este es el id del paciente: 4
[2024-03-08 20:53:46] [ INFO ] [DomicilioDaoH2:182] Lista de odontologos: []
[2024-03-08 20:57:57] [ INFO ] [BD:58] se creo la tabla odontologos
[2024-03-08 20:57:57] [ INFO ] [BD:62] se insertó un valor en la tabla  odontologos
[2024-03-08 20:58:13] [ INFO ] [DomicilioDaoH2:181] Lista de pacientes: []
[2024-03-08 20:58:24] [ INFO ] [DomicilioDaoH2:26] Estamos guardando un PACIENTE
[2024-03-08 20:58:24] [ INFO ] [DomicilioDaoH2:22] Estamos guardando un domicilio
[2024-03-08 20:58:24] [ INFO ] [DomicilioDaoH2:50] Este es el id del domicilio: 2
[2024-03-08 20:58:25] [ INFO ] [DomicilioDaoH2:59] Este es el id del paciente: 2
[2024-03-08 20:58:26] [ INFO ] [DomicilioDaoH2:26] Estamos guardando un PACIENTE
[2024-03-08 20:58:26] [ INFO ] [DomicilioDaoH2:22] Estamos guardando un domicilio
[2024-03-08 20:58:26] [ INFO ] [DomicilioDaoH2:50] Este es el id del domicilio: 3
[2024-03-08 20:58:27] [ INFO ] [DomicilioDaoH2:59] Este es el id del paciente: 3
[2024-03-08 20:58:28] [ INFO ] [DomicilioDaoH2:26] Estamos guardando un PACIENTE
[2024-03-08 20:58:28] [ INFO ] [DomicilioDaoH2:22] Estamos guardando un domicilio
[2024-03-08 20:58:28] [ INFO ] [DomicilioDaoH2:50] Este es el id del domicilio: 4
[2024-03-08 20:58:28] [ INFO ] [DomicilioDaoH2:59] Este es el id del paciente: 4
[2024-03-08 20:58:29] [ INFO ] [DomicilioDaoH2:26] Estamos guardando un PACIENTE
[2024-03-08 20:58:29] [ INFO ] [DomicilioDaoH2:22] Estamos guardando un domicilio
[2024-03-08 20:58:29] [ INFO ] [DomicilioDaoH2:50] Este es el id del domicilio: 5
[2024-03-08 20:58:30] [ INFO ] [DomicilioDaoH2:59] Este es el id del paciente: 5
[2024-03-08 20:58:37] [ INFO ] [DomicilioDaoH2:181] Lista de pacientes: []
[2024-03-08 20:59:43] [ INFO ] [BD:58] se creo la tabla odontologos
[2024-03-08 20:59:43] [ INFO ] [BD:62] se insertó un valor en la tabla  odontologos
[2024-03-08 20:59:57] [ INFO ] [DomicilioDaoH2:26] Estamos guardando un PACIENTE
[2024-03-08 20:59:57] [ INFO ] [DomicilioDaoH2:22] Estamos guardando un domicilio
[2024-03-08 20:59:58] [ INFO ] [DomicilioDaoH2:50] Este es el id del domicilio: 2
[2024-03-08 20:59:58] [ INFO ] [DomicilioDaoH2:59] Este es el id del paciente: 2
[2024-03-08 21:00:00] [ INFO ] [DomicilioDaoH2:26] Estamos guardando un PACIENTE
[2024-03-08 21:00:00] [ INFO ] [DomicilioDaoH2:22] Estamos guardando un domicilio
[2024-03-08 21:00:00] [ INFO ] [DomicilioDaoH2:50] Este es el id del domicilio: 3
[2024-03-08 21:00:00] [ INFO ] [DomicilioDaoH2:59] Este es el id del paciente: 3
[2024-03-08 21:00:02] [ INFO ] [DomicilioDaoH2:26] Estamos guardando un PACIENTE
[2024-03-08 21:00:02] [ INFO ] [DomicilioDaoH2:22] Estamos guardando un domicilio
[2024-03-08 21:00:02] [ INFO ] [DomicilioDaoH2:50] Este es el id del domicilio: 4
[2024-03-08 21:00:02] [ INFO ] [DomicilioDaoH2:59] Este es el id del paciente: 4
[2024-03-08 21:00:03] [ INFO ] [DomicilioDaoH2:26] Estamos guardando un PACIENTE
[2024-03-08 21:00:03] [ INFO ] [DomicilioDaoH2:22] Estamos guardando un domicilio
[2024-03-08 21:00:04] [ INFO ] [DomicilioDaoH2:50] Este es el id del domicilio: 5
[2024-03-08 21:00:04] [ INFO ] [DomicilioDaoH2:59] Este es el id del paciente: 5
[2024-03-08 21:00:10] [ INFO ] [DomicilioDaoH2:181] Lista de pacientes: []
[2024-03-08 21:00:26] [ INFO ] [DomicilioDaoH2:181] Lista de pacientes: []
[2024-03-08 21:02:55] [ INFO ] [DomicilioDaoH2:26] Estamos guardando un PACIENTE
[2024-03-08 21:02:55] [ INFO ] [DomicilioDaoH2:22] Estamos guardando un domicilio
[2024-03-08 21:02:55] [ INFO ] [DomicilioDaoH2:50] Este es el id del domicilio: 6
[2024-03-08 21:02:56] [ INFO ] [DomicilioDaoH2:59] Este es el id del paciente: 6
[2024-03-08 21:04:46] [ INFO ] [BD:58] se creo la tabla odontologos
[2024-03-08 21:04:46] [ INFO ] [BD:62] se insertó un valor en la tabla  odontologos
[2024-03-08 21:06:07] [ INFO ] [DomicilioDaoH2:26] Estamos guardando un PACIENTE
[2024-03-08 21:06:07] [ INFO ] [DomicilioDaoH2:22] Estamos guardando un domicilio
[2024-03-08 21:06:07] [ INFO ] [DomicilioDaoH2:50] Este es el id del domicilio: 2
[2024-03-08 21:06:07] [ INFO ] [DomicilioDaoH2:59] Este es el id del paciente: 2
[2024-03-08 21:06:09] [ INFO ] [DomicilioDaoH2:26] Estamos guardando un PACIENTE
[2024-03-08 21:06:09] [ INFO ] [DomicilioDaoH2:22] Estamos guardando un domicilio
[2024-03-08 21:06:09] [ INFO ] [DomicilioDaoH2:50] Este es el id del domicilio: 3
[2024-03-08 21:06:09] [ INFO ] [DomicilioDaoH2:59] Este es el id del paciente: 3
[2024-03-08 21:06:10] [ INFO ] [DomicilioDaoH2:26] Estamos guardando un PACIENTE
[2024-03-08 21:06:10] [ INFO ] [DomicilioDaoH2:22] Estamos guardando un domicilio
[2024-03-08 21:06:10] [ INFO ] [DomicilioDaoH2:50] Este es el id del domicilio: 4
[2024-03-08 21:06:10] [ INFO ] [DomicilioDaoH2:59] Este es el id del paciente: 4
[2024-03-08 21:06:17] [ INFO ] [DomicilioDaoH2:182] Lista de pacientes: [com.dh.ClinicMVC.model.Paciente@695ff884, com.dh.ClinicMVC.model.Paciente@20bf4fee, com.dh.ClinicMVC.model.Paciente@7a7881d3, com.dh.ClinicMVC.model.Paciente@18e67e16]
[2024-03-08 21:14:44] [ INFO ] [BD:58] se creo la tabla odontologos
[2024-03-08 21:14:44] [ INFO ] [BD:62] se insertó un valor en la tabla  odontologos
[2024-03-08 21:15:03] [ INFO ] [DomicilioDaoH2:182] Lista de pacientes: [com.dh.ClinicMVC.model.Paciente@4d851379]
[2024-03-08 21:18:00] [ INFO ] [BD:58] se creo la tabla odontologos
[2024-03-08 21:18:00] [ INFO ] [BD:62] se insertó un valor en la tabla  odontologos
[2024-03-10 19:36:59] [ INFO ] [BD:58] se creo la tabla odontologos
[2024-03-10 19:36:59] [ INFO ] [BD:62] se insertó un valor en la tabla  odontologos
[2024-03-10 19:37:00] [ INFO ] [DomicilioDaoH2:26] Estamos guardando un PACIENTE
[2024-03-10 19:37:00] [ INFO ] [DomicilioDaoH2:22] Estamos guardando un domicilio
[2024-03-10 19:37:00] [ INFO ] [DomicilioDaoH2:50] Este es el id del domicilio: 2
[2024-03-10 19:37:00] [ INFO ] [DomicilioDaoH2:59] Este es el id del paciente: 2
[2024-03-10 19:37:00] [ INFO ] [DomicilioDaoH2:26] Estamos guardando un PACIENTE
[2024-03-10 19:37:00] [ INFO ] [DomicilioDaoH2:22] Estamos guardando un domicilio
[2024-03-10 19:37:00] [ INFO ] [DomicilioDaoH2:50] Este es el id del domicilio: 3
[2024-03-10 19:37:00] [ INFO ] [DomicilioDaoH2:59] Este es el id del paciente: 3
[2024-03-10 19:40:23] [ INFO ] [BD:58] se creo la tabla odontologos
[2024-03-10 19:40:23] [ INFO ] [BD:62] se insertó un valor en la tabla  odontologos
[2024-03-10 19:43:29] [ INFO ] [DomicilioDaoH2:26] Estamos guardando un PACIENTE
[2024-03-10 19:43:29] [ INFO ] [DomicilioDaoH2:22] Estamos guardando un domicilio
[2024-03-10 19:43:30] [ INFO ] [DomicilioDaoH2:50] Este es el id del domicilio: 2
[2024-03-10 19:43:30] [ INFO ] [DomicilioDaoH2:59] Este es el id del paciente: 2
[2024-03-10 19:43:36] [ INFO ] [DomicilioDaoH2:26] Estamos guardando un PACIENTE
[2024-03-10 19:43:36] [ INFO ] [DomicilioDaoH2:22] Estamos guardando un domicilio
[2024-03-10 19:43:37] [ INFO ] [DomicilioDaoH2:50] Este es el id del domicilio: 3
[2024-03-10 19:43:37] [ INFO ] [DomicilioDaoH2:59] Este es el id del paciente: 3
[2024-03-10 19:43:49] [ INFO ] [DomicilioDaoH2:182] Lista de pacientes: [com.dh.ClinicMVC.model.Paciente@11aac6cf, com.dh.ClinicMVC.model.Paciente@144a1823, com.dh.ClinicMVC.model.Paciente@2a0236b1]
[2024-03-12 20:56:42] [ INFO ] [BD:58] se creo la tabla odontologos
[2024-03-12 20:56:42] [ INFO ] [BD:62] se insertó un valor en la tabla  odontologos
[2024-03-12 20:57:10] [ INFO ] [BD:58] se creo la tabla odontologos
[2024-03-12 20:57:10] [ INFO ] [BD:62] se insertó un valor en la tabla  odontologos
[2024-03-12 21:03:13] [ INFO ] [BD:58] se creo la tabla odontologos
[2024-03-12 21:03:13] [ INFO ] [BD:62] se insertó un valor en la tabla  odontologos
[2024-03-12 22:24:40] [ INFO ] [BD:58] se creo la tabla odontologos
[2024-03-12 22:24:40] [ INFO ] [BD:62] se insertó un valor en la tabla  odontologos
[2024-03-12 22:28:26] [ INFO ] [BD:58] se creo la tabla odontologos
[2024-03-12 22:28:26] [ INFO ] [BD:62] se insertó un valor en la tabla  odontologos
[2024-03-12 22:28:32] [ INFO ] [BD:58] se creo la tabla odontologos
[2024-03-12 22:28:32] [ INFO ] [BD:62] se insertó un valor en la tabla  odontologos
[2024-03-12 22:37:00] [ INFO ] [BD:58] se creo la tabla odontologos
[2024-03-12 22:37:00] [ INFO ] [BD:62] se insertó un valor en la tabla  odontologos
[2024-03-12 22:37:18] [ INFO ] [OdontologoDaoH2:130] Estamos consultando todos los Odontologos.
[2024-03-12 22:38:47] [ INFO ] [BD:58] se creo la tabla odontologos
[2024-03-12 22:38:47] [ INFO ] [BD:62] se insertó un valor en la tabla  odontologos
[2024-03-12 22:39:26] [ INFO ] [OdontologoDaoH2:130] Estamos consultando todos los Odontologos.
[2024-03-12 22:43:57] [ INFO ] [BD:58] se creo la tabla odontologos
[2024-03-12 22:43:57] [ INFO ] [BD:62] se insertó un valor en la tabla  odontologos
[2024-03-12 22:47:49] [ INFO ] [BD:58] se creo la tabla odontologos
[2024-03-12 22:47:49] [ INFO ] [BD:62] se insertó un valor en la tabla  odontologos
[2024-03-12 22:49:23] [ INFO ] [BD:58] se creo la tabla odontologos
[2024-03-12 22:49:23] [ INFO ] [BD:62] se insertó un valor en la tabla  odontologos
[2024-03-12 22:52:00] [ INFO ] [BD:58] se creo la tabla odontologos
[2024-03-12 22:52:00] [ INFO ] [BD:62] se insertó un valor en la tabla  odontologos
[2024-03-12 22:52:16] [ INFO ] [OdontologoDaoH2:130] Estamos consultando todos los Odontologos.
[2024-03-13 21:18:37] [ INFO ] [BD:58] se creo la tabla odontologos
[2024-03-13 21:18:37] [ INFO ] [BD:62] se insertó un valor en la tabla  odontologos
[2024-03-13 21:19:19] [ INFO ] [OdontologoDaoH2:130] Estamos consultando todos los Odontologos.
[2024-03-13 21:22:14] [ INFO ] [BD:58] se creo la tabla odontologos
[2024-03-13 21:22:14] [ INFO ] [BD:62] se insertó un valor en la tabla  odontologos
[2024-03-13 21:22:42] [ INFO ] [OdontologoDaoH2:25] Estamos guardando un odontologo
[2024-03-13 21:22:42] [ INFO ] [OdontologoDaoH2:52] Este es el id del odontologo: 2
[2024-03-13 21:22:50] [ INFO ] [OdontologoDaoH2:130] Estamos consultando todos los Odontologos.
[2024-03-13 21:33:58] [ INFO ] [BD:58] se creo la tabla odontologos
[2024-03-13 21:33:58] [ INFO ] [BD:62] se insertó un valor en la tabla  odontologos
[2024-03-13 21:41:59] [ INFO ] [OdontologoDaoH2:130] Estamos consultando todos los Odontologos.
[2024-03-13 22:27:07] [ INFO ] [BD:58] se creo la tabla odontologos
[2024-03-13 22:27:07] [ INFO ] [BD:62] se insertó un valor en la tabla  odontologos
[2024-03-13 22:27:53] [ INFO ] [OdontologoDaoH2:130] Estamos consultando todos los Odontologos.
[2024-03-13 22:28:13] [ INFO ] [OdontologoDaoH2:130] Estamos consultando todos los Odontologos.
[2024-03-13 22:43:58] [ INFO ] [BD:58] se creo la tabla odontologos
[2024-03-13 22:43:58] [ INFO ] [BD:62] se insertó un valor en la tabla  odontologos
[2024-03-13 22:50:54] [ INFO ] [BD:58] se creo la tabla odontologos
[2024-03-13 22:50:54] [ INFO ] [BD:62] se insertó un valor en la tabla  odontologos
[2024-03-13 22:51:25] [ INFO ] [OdontologoDaoH2:130] Estamos consultando todos los Odontologos.
[2024-03-13 22:59:42] [ INFO ] [OdontologoDaoH2:130] Estamos consultando todos los Odontologos.
[2024-03-14 21:19:00] [ INFO ] [BD:58] se creo la tabla odontologos
[2024-03-14 21:19:00] [ INFO ] [BD:62] se insertó un valor en la tabla  odontologos
[2024-03-14 21:19:56] [ INFO ] [OdontologoDaoH2:130] Estamos consultando todos los Odontologos.
[2024-03-14 21:20:02] [ INFO ] [OdontologoDaoH2:130] Estamos consultando todos los Odontologos.
[2024-03-14 21:20:20] [ INFO ] [OdontologoDaoH2:130] Estamos consultando todos los Odontologos.
[2024-03-14 21:22:45] [ INFO ] [BD:58] se creo la tabla odontologos
[2024-03-14 21:22:45] [ INFO ] [BD:62] se insertó un valor en la tabla  odontologos
[2024-03-14 21:24:05] [ INFO ] [BD:58] se creo la tabla odontologos
[2024-03-14 21:24:05] [ INFO ] [BD:62] se insertó un valor en la tabla  odontologos
[2024-03-14 21:25:12] [ INFO ] [OdontologoDaoH2:130] Estamos consultando todos los Odontologos.
[2024-03-14 21:25:19] [ INFO ] [OdontologoDaoH2:130] Estamos consultando todos los Odontologos.
[2024-03-14 21:28:10] [ INFO ] [OdontologoDaoH2:130] Estamos consultando todos los Odontologos.
[2024-03-14 21:29:41] [ INFO ] [OdontologoDaoH2:130] Estamos consultando todos los Odontologos.
[2024-03-14 21:29:55] [ INFO ] [OdontologoDaoH2:130] Estamos consultando todos los Odontologos.
[2024-03-14 21:30:07] [ INFO ] [BD:58] se creo la tabla odontologos
[2024-03-14 21:30:07] [ INFO ] [BD:62] se insertó un valor en la tabla  odontologos
[2024-03-14 21:30:13] [ INFO ] [OdontologoDaoH2:130] Estamos consultando todos los Odontologos.
[2024-03-14 21:33:49] [ INFO ] [BD:58] se creo la tabla odontologos
[2024-03-14 21:33:49] [ INFO ] [BD:62] se insertó un valor en la tabla  odontologos
[2024-03-14 21:34:03] [ INFO ] [OdontologoDaoH2:130] Estamos consultando todos los Odontologos.
[2024-03-14 21:34:07] [ INFO ] [OdontologoDaoH2:130] Estamos consultando todos los Odontologos.
[2024-03-14 21:34:08] [ INFO ] [OdontologoDaoH2:130] Estamos consultando todos los Odontologos.
[2024-03-14 21:34:27] [ INFO ] [OdontologoDaoH2:130] Estamos consultando todos los Odontologos.
[2024-03-14 21:34:41] [ INFO ] [BD:58] se creo la tabla odontologos
[2024-03-14 21:34:41] [ INFO ] [BD:62] se insertó un valor en la tabla  odontologos
[2024-03-14 21:34:51] [ INFO ] [OdontologoDaoH2:130] Estamos consultando todos los Odontologos.
[2024-03-14 21:36:00] [ INFO ] [BD:58] se creo la tabla odontologos
[2024-03-14 21:36:00] [ INFO ] [BD:62] se insertó un valor en la tabla  odontologos
[2024-03-14 21:36:21] [ INFO ] [OdontologoDaoH2:130] Estamos consultando todos los Odontologos.
[2024-03-14 21:36:43] [ INFO ] [OdontologoDaoH2:25] Estamos guardando un odontologo
[2024-03-14 21:36:43] [ INFO ] [OdontologoDaoH2:52] Este es el id del odontologo: 2
[2024-03-14 21:36:47] [ INFO ] [OdontologoDaoH2:130] Estamos consultando todos los Odontologos.
[2024-03-14 21:38:32] [ INFO ] [BD:58] se creo la tabla odontologos
[2024-03-14 21:38:32] [ INFO ] [BD:62] se insertó un valor en la tabla  odontologos
[2024-03-14 21:38:40] [ INFO ] [OdontologoDaoH2:130] Estamos consultando todos los Odontologos.
[2024-03-14 21:38:59] [ INFO ] [BD:58] se creo la tabla odontologos
[2024-03-14 21:38:59] [ INFO ] [BD:62] se insertó un valor en la tabla  odontologos
[2024-03-14 21:39:09] [ INFO ] [OdontologoDaoH2:130] Estamos consultando todos los Odontologos.
[2024-03-14 21:42:00] [ INFO ] [BD:58] se creo la tabla odontologos
[2024-03-14 21:42:00] [ INFO ] [BD:62] se insertó un valor en la tabla  odontologos
[2024-03-14 21:42:30] [ INFO ] [OdontologoDaoH2:130] Estamos consultando todos los Odontologos.
[2024-03-14 21:43:25] [ INFO ] [BD:58] se creo la tabla odontologos
[2024-03-14 21:43:25] [ INFO ] [BD:62] se insertó un valor en la tabla  odontologos
[2024-03-14 21:43:39] [ INFO ] [OdontologoDaoH2:130] Estamos consultando todos los Odontologos.
[2024-03-14 21:44:32] [ INFO ] [OdontologoDaoH2:130] Estamos consultando todos los Odontologos.
[2024-03-14 21:44:42] [ INFO ] [OdontologoDaoH2:130] Estamos consultando todos los Odontologos.
[2024-03-14 22:00:35] [ INFO ] [BD:58] se creo la tabla odontologos
[2024-03-14 22:00:35] [ INFO ] [BD:62] se insertó un valor en la tabla  odontologos
[2024-03-14 22:00:50] [ INFO ] [OdontologoDaoH2:130] Estamos consultando todos los Odontologos.
[2024-03-14 22:04:40] [ INFO ] [BD:58] se creo la tabla odontologos
[2024-03-14 22:04:40] [ INFO ] [BD:62] se insertó un valor en la tabla  odontologos
[2024-03-14 22:04:52] [ INFO ] [OdontologoDaoH2:130] Estamos consultando todos los Odontologos.
[2024-03-14 22:06:25] [ INFO ] [BD:58] se creo la tabla odontologos
[2024-03-14 22:06:25] [ INFO ] [BD:62] se insertó un valor en la tabla  odontologos
[2024-03-14 22:06:36] [ INFO ] [OdontologoDaoH2:130] Estamos consultando todos los Odontologos.
[2024-03-14 22:06:50] [ INFO ] [OdontologoDaoH2:25] Estamos guardando un odontologo
[2024-03-14 22:06:51] [ INFO ] [OdontologoDaoH2:52] Este es el id del odontologo: 2
[2024-03-14 22:06:56] [ INFO ] [OdontologoDaoH2:130] Estamos consultando todos los Odontologos.
[2024-03-14 22:08:53] [ INFO ] [BD:58] se creo la tabla odontologos
[2024-03-14 22:08:53] [ INFO ] [BD:62] se insertó un valor en la tabla  odontologos
[2024-03-14 22:09:00] [ INFO ] [OdontologoDaoH2:130] Estamos consultando todos los Odontologos.
[2024-03-14 22:09:09] [ INFO ] [OdontologoDaoH2:25] Estamos guardando un odontologo
[2024-03-14 22:09:10] [ INFO ] [OdontologoDaoH2:52] Este es el id del odontologo: 2
[2024-03-14 22:09:12] [ INFO ] [OdontologoDaoH2:130] Estamos consultando todos los Odontologos.
[2024-03-14 22:11:36] [ INFO ] [BD:58] se creo la tabla odontologos
[2024-03-14 22:11:36] [ INFO ] [BD:62] se insertó un valor en la tabla  odontologos
[2024-03-14 22:11:55] [ INFO ] [OdontologoDaoH2:130] Estamos consultando todos los Odontologos.
[2024-03-14 22:12:14] [ INFO ] [OdontologoDaoH2:25] Estamos guardando un odontologo
[2024-03-14 22:12:15] [ INFO ] [OdontologoDaoH2:52] Este es el id del odontologo: 2
[2024-03-14 22:12:17] [ INFO ] [OdontologoDaoH2:130] Estamos consultando todos los Odontologos.
[2024-03-14 22:13:00] [ INFO ] [BD:58] se creo la tabla odontologos
[2024-03-14 22:13:00] [ INFO ] [BD:62] se insertó un valor en la tabla  odontologos
[2024-03-14 22:13:11] [ INFO ] [OdontologoDaoH2:130] Estamos consultando todos los Odontologos.
[2024-03-14 22:14:25] [ INFO ] [BD:58] se creo la tabla odontologos
[2024-03-14 22:14:25] [ INFO ] [BD:62] se insertó un valor en la tabla  odontologos
